<?xml version="1.0" encoding="UTF-8"?>
<!-- Generated by org.testng.reporters.JUnitXMLReporter -->
<testsuite ignored="0" hostname="Satheshs-MacBook-Pro.local" failures="0" tests="2" name="Test" time="59.296" errors="0" timestamp="2024-08-17T12:25:45 IST">
  <testcase classname="org.appium.android.testcase.LongPress_TC" name="longPress_Testcase" time="1.008"/>
  <testcase classname="org.appium.ios.testcase.CaptureAlertMessage_TC" name="captureAlert_Testcase" time="6.794"/>
</testsuite> <!-- Test -->
