<?xml version="1.0" encoding="UTF-8"?>
<testng-results ignored="0" total="2" passed="2" failed="0" skipped="0">
  <reporter-output>
  </reporter-output>
  <suite started-at="2024-08-17T12:24:46 IST" name="Suite" finished-at="2024-08-17T12:25:45 IST" duration-ms="59296">
    <groups>
    </groups>
    <test started-at="2024-08-17T12:24:46 IST" name="Test" finished-at="2024-08-17T12:25:45 IST" duration-ms="59296">
      <class name="org.appium.android.testcase.LongPress_TC">
        <test-method is-config="true" signature="configuration()[pri:0, instance:org.appium.android.testcase.LongPress_TC@5a2d131d]" started-at="2024-08-17T12:24:46 IST" name="configuration" finished-at="2024-08-17T12:25:02 IST" duration-ms="15617" status="PASS">
          <reporter-output>
          </reporter-output>
        </test-method> <!-- configuration -->
        <test-method signature="longPress_Testcase()[pri:0, instance:org.appium.android.testcase.LongPress_TC@5a2d131d]" started-at="2024-08-17T12:25:02 IST" name="longPress_Testcase" finished-at="2024-08-17T12:25:03 IST" duration-ms="1008" status="PASS">
          <reporter-output>
          </reporter-output>
        </test-method> <!-- longPress_Testcase -->
        <test-method is-config="true" signature="teardown()[pri:0, instance:org.appium.android.testcase.LongPress_TC@5a2d131d]" started-at="2024-08-17T12:25:03 IST" name="teardown" finished-at="2024-08-17T12:25:12 IST" duration-ms="9523" status="PASS">
          <reporter-output>
          </reporter-output>
        </test-method> <!-- teardown -->
      </class> <!-- org.appium.android.testcase.LongPress_TC -->
      <class name="org.appium.ios.testcase.CaptureAlertMessage_TC">
        <test-method is-config="true" signature="configuration()[pri:0, instance:org.appium.ios.testcase.CaptureAlertMessage_TC@130e116b]" started-at="2024-08-17T12:25:12 IST" name="configuration" finished-at="2024-08-17T12:25:28 IST" duration-ms="15303" status="PASS">
          <reporter-output>
          </reporter-output>
        </test-method> <!-- configuration -->
        <test-method signature="captureAlert_Testcase()[pri:0, instance:org.appium.ios.testcase.CaptureAlertMessage_TC@130e116b]" started-at="2024-08-17T12:25:28 IST" name="captureAlert_Testcase" finished-at="2024-08-17T12:25:34 IST" duration-ms="6794" status="PASS">
          <reporter-output>
          </reporter-output>
        </test-method> <!-- captureAlert_Testcase -->
        <test-method is-config="true" signature="teardown()[pri:0, instance:org.appium.ios.testcase.CaptureAlertMessage_TC@130e116b]" started-at="2024-08-17T12:25:34 IST" name="teardown" finished-at="2024-08-17T12:25:45 IST" duration-ms="11028" status="PASS">
          <reporter-output>
          </reporter-output>
        </test-method> <!-- teardown -->
      </class> <!-- org.appium.ios.testcase.CaptureAlertMessage_TC -->
    </test> <!-- Test -->
  </suite> <!-- Suite -->
</testng-results>
